#
# There is insufficient memory for the Java Runtime Environment to continue.
# Native memory allocation (mmap) failed to map 11010048 bytes for committing reserved memory.
# Possible reasons:
#   The system is out of physical RAM or swap space
#   In 32 bit mode, the process size limit was hit
# Possible solutions:
#   Reduce memory load on the system
#   Increase physical memory or swap space
#   Check if swap backing store is full
#   Use 64 bit Java on a 64 bit OS
#   Decrease Java heap size (-Xmx/-Xms)
#   Decrease number of Java threads
#   Decrease Java thread stack sizes (-Xss)
#   Set larger code cache with -XX:ReservedCodeCacheSize=
# This output file may be truncated or incomplete.
#
#  Out of Memory Error (os_linux.cpp:2627), pid=8808, tid=0x00007fe6b092d700
#
# JRE version:  (8.0_112-b87) (build )
# Java VM: OpenJDK 64-Bit Server VM (25.112-b343 mixed mode linux-amd64 compressed oops)
# Failed to write core dump. Core dumps have been disabled. To enable core dumping, try "ulimit -c unlimited" before starting Java again
#

---------------  T H R E A D  ---------------

Current thread (0x00007fe6a800a000):  JavaThread "Unknown thread" [_thread_in_vm, id=8809, stack(0x00007fe6b082d000,0x00007fe6b092e000)]

Stack: [0x00007fe6b082d000,0x00007fe6b092e000],  sp=0x00007fe6b092c420,  free space=1021k
Native frames: (J=compiled Java code, j=interpreted, Vv=VM code, C=native code)
V  [libjvm.so+0xa325fe]  VMError::report_and_die()+0x14e
V  [libjvm.so+0x4d8889]  report_vm_out_of_memory(char const*, int, unsigned long, VMErrorType, char const*)+0x99
V  [libjvm.so+0x8a2013]  os::Linux::commit_memory_impl(char*, unsigned long, bool)+0xf3
V  [libjvm.so+0x8a23b9]  os::pd_commit_memory(char*, unsigned long, unsigned long, bool)+0x29
V  [libjvm.so+0x89c62a]  os::commit_memory(char*, unsigned long, unsigned long, bool)+0x2a
V  [libjvm.so+0x90902b]  PSVirtualSpace::expand_by(unsigned long)+0x6b
V  [libjvm.so+0x909ee4]  PSYoungGen::initialize_virtual_space(ReservedSpace, unsigned long)+0x74
V  [libjvm.so+0x90a7ee]  PSYoungGen::initialize(ReservedSpace, unsigned long)+0x3e
V  [libjvm.so+0x2ce3b4]  AdjoiningGenerations::AdjoiningGenerations(ReservedSpace, GenerationSizer*, unsigned long)+0x344
V  [libjvm.so+0x8c1537]  ParallelScavengeHeap::initialize()+0x1e7
V  [libjvm.so+0x9fd4c1]  Universe::initialize_heap()+0x101
V  [libjvm.so+0x9fe573]  universe_init()+0x33
V  [libjvm.so+0x6043f5]  init_globals()+0x55
V  [libjvm.so+0x9e4d47]  Threads::create_vm(JavaVMInitArgs*, bool*)+0x207
V  [libjvm.so+0x669324]  JNI_CreateJavaVM+0x74
C  [libjli.so+0x7217]  JavaMain+0x87
C  [libpthread.so.0+0x8184]  start_thread+0xc4


---------------  P R O C E S S  ---------------

Java Threads: ( => current thread )

Other Threads:

=>0x00007fe6a800a000 (exited) JavaThread "Unknown thread" [_thread_in_vm, id=8809, stack(0x00007fe6b082d000,0x00007fe6b092e000)]

VM state:not at safepoint (not fully initialized)

VM Mutex/Monitor currently owned by a thread: None

GC Heap History (0 events):
No events

Deoptimization events (0 events):
No events

Internal exceptions (0 events):
No events

Events (0 events):
No events


Dynamic libraries:
00400000-00401000 r-xp 00000000 08:01 925073                             /home/student/clion-2016.2.2/jre/jre/bin/java
00600000-00601000 rw-p 00000000 08:01 925073                             /home/student/clion-2016.2.2/jre/jre/bin/java
025dd000-025fe000 rw-p 00000000 00:00 0                                  [heap]
e0a00000-f5900000 ---p 00000000 00:00 0 
f6380000-100000000 ---p 00000000 00:00 0 
7fe699000000-7fe699270000 rwxp 00000000 00:00 0 
7fe699270000-7fe6a8000000 ---p 00000000 00:00 0 
7fe6a8000000-7fe6a8031000 rw-p 00000000 00:00 0 
7fe6a8031000-7fe6ac000000 ---p 00000000 00:00 0 
7fe6ad310000-7fe6ad587000 rw-p 00000000 00:00 0 
7fe6ad587000-7fe6ad682000 ---p 00000000 00:00 0 
7fe6ad682000-7fe6ad68d000 rw-p 00000000 00:00 0 
7fe6ad68d000-7fe6ada43000 ---p 00000000 00:00 0 
7fe6ada43000-7fe6ada5d000 r-xp 00000000 08:01 924961                     /home/student/clion-2016.2.2/jre/jre/lib/amd64/libzip.so
7fe6ada5d000-7fe6adc5c000 ---p 0001a000 08:01 924961                     /home/student/clion-2016.2.2/jre/jre/lib/amd64/libzip.so
7fe6adc5c000-7fe6adc5d000 rw-p 00019000 08:01 924961                     /home/student/clion-2016.2.2/jre/jre/lib/amd64/libzip.so
7fe6adc5d000-7fe6adc67000 r-xp 00000000 08:01 140526                     /lib/x86_64-linux-gnu/libnss_files-2.19.so
7fe6adc67000-7fe6ade66000 ---p 0000a000 08:01 140526                     /lib/x86_64-linux-gnu/libnss_files-2.19.so
7fe6ade66000-7fe6ade67000 r--p 00009000 08:01 140526                     /lib/x86_64-linux-gnu/libnss_files-2.19.so
7fe6ade67000-7fe6ade68000 rw-p 0000a000 08:01 140526                     /lib/x86_64-linux-gnu/libnss_files-2.19.so
7fe6ade68000-7fe6ade73000 r-xp 00000000 08:01 140590                     /lib/x86_64-linux-gnu/libnss_nis-2.19.so
7fe6ade73000-7fe6ae072000 ---p 0000b000 08:01 140590                     /lib/x86_64-linux-gnu/libnss_nis-2.19.so
7fe6ae072000-7fe6ae073000 r--p 0000a000 08:01 140590                     /lib/x86_64-linux-gnu/libnss_nis-2.19.so
7fe6ae073000-7fe6ae074000 rw-p 0000b000 08:01 140590                     /lib/x86_64-linux-gnu/libnss_nis-2.19.so
7fe6ae074000-7fe6ae08b000 r-xp 00000000 08:01 140684                     /lib/x86_64-linux-gnu/libnsl-2.19.so
7fe6ae08b000-7fe6ae28a000 ---p 00017000 08:01 140684                     /lib/x86_64-linux-gnu/libnsl-2.19.so
7fe6ae28a000-7fe6ae28b000 r--p 00016000 08:01 140684                     /lib/x86_64-linux-gnu/libnsl-2.19.so
7fe6ae28b000-7fe6ae28c000 rw-p 00017000 08:01 140684                     /lib/x86_64-linux-gnu/libnsl-2.19.so
7fe6ae28c000-7fe6ae28e000 rw-p 00000000 00:00 0 
7fe6ae28e000-7fe6ae297000 r-xp 00000000 08:01 140603                     /lib/x86_64-linux-gnu/libnss_compat-2.19.so
7fe6ae297000-7fe6ae496000 ---p 00009000 08:01 140603                     /lib/x86_64-linux-gnu/libnss_compat-2.19.so
7fe6ae496000-7fe6ae497000 r--p 00008000 08:01 140603                     /lib/x86_64-linux-gnu/libnss_compat-2.19.so
7fe6ae497000-7fe6ae498000 rw-p 00009000 08:01 140603                     /lib/x86_64-linux-gnu/libnss_compat-2.19.so
7fe6ae498000-7fe6ae4c2000 r-xp 00000000 08:01 924932                     /home/student/clion-2016.2.2/jre/jre/lib/amd64/libjava.so
7fe6ae4c2000-7fe6ae6c2000 ---p 0002a000 08:01 924932                     /home/student/clion-2016.2.2/jre/jre/lib/amd64/libjava.so
7fe6ae6c2000-7fe6ae6c4000 rw-p 0002a000 08:01 924932                     /home/student/clion-2016.2.2/jre/jre/lib/amd64/libjava.so
7fe6ae6c4000-7fe6ae6d3000 r-xp 00000000 08:01 924960                     /home/student/clion-2016.2.2/jre/jre/lib/amd64/libverify.so
7fe6ae6d3000-7fe6ae8d2000 ---p 0000f000 08:01 924960                     /home/student/clion-2016.2.2/jre/jre/lib/amd64/libverify.so
7fe6ae8d2000-7fe6ae8d4000 rw-p 0000e000 08:01 924960                     /home/student/clion-2016.2.2/jre/jre/lib/amd64/libverify.so
7fe6ae8d4000-7fe6ae8db000 r-xp 00000000 08:01 140650                     /lib/x86_64-linux-gnu/librt-2.19.so
7fe6ae8db000-7fe6aeada000 ---p 00007000 08:01 140650                     /lib/x86_64-linux-gnu/librt-2.19.so
7fe6aeada000-7fe6aeadb000 r--p 00006000 08:01 140650                     /lib/x86_64-linux-gnu/librt-2.19.so
7fe6aeadb000-7fe6aeadc000 rw-p 00007000 08:01 140650                     /lib/x86_64-linux-gnu/librt-2.19.so
7fe6aeadc000-7fe6aebe1000 r-xp 00000000 08:01 140605                     /lib/x86_64-linux-gnu/libm-2.19.so
7fe6aebe1000-7fe6aede0000 ---p 00105000 08:01 140605                     /lib/x86_64-linux-gnu/libm-2.19.so
7fe6aede0000-7fe6aede1000 r--p 00104000 08:01 140605                     /lib/x86_64-linux-gnu/libm-2.19.so
7fe6aede1000-7fe6aede2000 rw-p 00105000 08:01 140605                     /lib/x86_64-linux-gnu/libm-2.19.so
7fe6aede2000-7fe6afa18000 r-xp 00000000 08:01 924965                     /home/student/clion-2016.2.2/jre/jre/lib/amd64/server/libjvm.so
7fe6afa18000-7fe6afc17000 ---p 00c36000 08:01 924965                     /home/student/clion-2016.2.2/jre/jre/lib/amd64/server/libjvm.so
7fe6afc17000-7fe6afce6000 rw-p 00c35000 08:01 924965                     /home/student/clion-2016.2.2/jre/jre/lib/amd64/server/libjvm.so
7fe6afce6000-7fe6afd28000 rw-p 00000000 00:00 0 
7fe6afd28000-7fe6afee6000 r-xp 00000000 08:01 140696                     /lib/x86_64-linux-gnu/libc-2.19.so
7fe6afee6000-7fe6b00e6000 ---p 001be000 08:01 140696                     /lib/x86_64-linux-gnu/libc-2.19.so
7fe6b00e6000-7fe6b00ea000 r--p 001be000 08:01 140696                     /lib/x86_64-linux-gnu/libc-2.19.so
7fe6b00ea000-7fe6b00ec000 rw-p 001c2000 08:01 140696                     /lib/x86_64-linux-gnu/libc-2.19.so
7fe6b00ec000-7fe6b00f1000 rw-p 00000000 00:00 0 
7fe6b00f1000-7fe6b00f4000 r-xp 00000000 08:01 140686                     /lib/x86_64-linux-gnu/libdl-2.19.so
7fe6b00f4000-7fe6b02f3000 ---p 00003000 08:01 140686                     /lib/x86_64-linux-gnu/libdl-2.19.so
7fe6b02f3000-7fe6b02f4000 r--p 00002000 08:01 140686                     /lib/x86_64-linux-gnu/libdl-2.19.so
7fe6b02f4000-7fe6b02f5000 rw-p 00003000 08:01 140686                     /lib/x86_64-linux-gnu/libdl-2.19.so
7fe6b02f5000-7fe6b030a000 r-xp 00000000 08:01 924914                     /home/student/clion-2016.2.2/jre/jre/lib/amd64/jli/libjli.so
7fe6b030a000-7fe6b050a000 ---p 00015000 08:01 924914                     /home/student/clion-2016.2.2/jre/jre/lib/amd64/jli/libjli.so
7fe6b050a000-7fe6b050b000 rw-p 00015000 08:01 924914                     /home/student/clion-2016.2.2/jre/jre/lib/amd64/jli/libjli.so
7fe6b050b000-7fe6b0524000 r-xp 00000000 08:01 140614                     /lib/x86_64-linux-gnu/libpthread-2.19.so
7fe6b0524000-7fe6b0723000 ---p 00019000 08:01 140614                     /lib/x86_64-linux-gnu/libpthread-2.19.so
7fe6b0723000-7fe6b0724000 r--p 00018000 08:01 140614                     /lib/x86_64-linux-gnu/libpthread-2.19.so
7fe6b0724000-7fe6b0725000 rw-p 00019000 08:01 140614                     /lib/x86_64-linux-gnu/libpthread-2.19.so
7fe6b0725000-7fe6b0729000 rw-p 00000000 00:00 0 
7fe6b0729000-7fe6b074c000 r-xp 00000000 08:01 140609                     /lib/x86_64-linux-gnu/ld-2.19.so
7fe6b082d000-7fe6b0830000 ---p 00000000 00:00 0 
7fe6b0830000-7fe6b0932000 rw-p 00000000 00:00 0                          [stack:8809]
7fe6b093d000-7fe6b0940000 rw-p 00000000 00:00 0 
7fe6b0940000-7fe6b0948000 rw-s 00000000 08:01 142221                     /tmp/hsperfdata_student/8808
7fe6b0948000-7fe6b0949000 rw-p 00000000 00:00 0 
7fe6b0949000-7fe6b094a000 r--p 00000000 00:00 0 
7fe6b094a000-7fe6b094b000 rw-p 00000000 00:00 0 
7fe6b094b000-7fe6b094c000 r--p 00022000 08:01 140609                     /lib/x86_64-linux-gnu/ld-2.19.so
7fe6b094c000-7fe6b094d000 rw-p 00023000 08:01 140609                     /lib/x86_64-linux-gnu/ld-2.19.so
7fe6b094d000-7fe6b094e000 rw-p 00000000 00:00 0 
7ffd75ed7000-7ffd75ef8000 rw-p 00000000 00:00 0                          [stack]
7ffd75f9f000-7ffd75fa1000 r-xp 00000000 00:00 0                          [vdso]
ffffffffff600000-ffffffffff601000 r-xp 00000000 00:00 0                  [vsyscall]

VM Arguments:
java_command: org.jetbrains.git4idea.http.GitAskPassApp Username for 'https://github.com': 
java_class_path (initial): /home/student/clion-2016.2.2/plugins/git4idea/lib/git4idea-rt.jar:/home/student/clion-2016.2.2/lib/xmlrpc-2.0.jar:/home/student/clion-2016.2.2/lib/commons-codec-1.9.jar:/home/student/clion-2016.2.2/lib/util.jar
Launcher Type: SUN_STANDARD

Environment Variables:
PATH=/usr/lib/git-core:/usr/bin:/home/student/Desktop/clion-2016.2.2/bin:/usr/local/sbin:/usr/local/bin:/usr/sbin:/usr/bin:/sbin:/bin:/usr/games:/usr/local/games
LD_LIBRARY_PATH=/home/student/clion-2016.2.2/bin:
SHELL=/bin/bash
DISPLAY=:0.0

Signal Handlers:
SIGSEGV: [libjvm.so+0xa32fd0], sa_mask[0]=11111111011111111101111111111110, sa_flags=SA_RESTART|SA_SIGINFO
SIGBUS: [libjvm.so+0xa32fd0], sa_mask[0]=11111111011111111101111111111110, sa_flags=SA_RESTART|SA_SIGINFO
SIGFPE: [libjvm.so+0x89ec10], sa_mask[0]=11111111011111111101111111111110, sa_flags=SA_RESTART|SA_SIGINFO
SIGPIPE: [libjvm.so+0x89ec10], sa_mask[0]=11111111011111111101111111111110, sa_flags=SA_RESTART|SA_SIGINFO
SIGXFSZ: [libjvm.so+0x89ec10], sa_mask[0]=11111111011111111101111111111110, sa_flags=SA_RESTART|SA_SIGINFO
SIGILL: [libjvm.so+0x89ec10], sa_mask[0]=11111111011111111101111111111110, sa_flags=SA_RESTART|SA_SIGINFO
SIGUSR1: SIG_DFL, sa_mask[0]=00000000000000000000000000000000, sa_flags=none
SIGUSR2: [libjvm.so+0x8a02d0], sa_mask[0]=00100000000000000000000000000000, sa_flags=SA_RESTART|SA_SIGINFO
SIGHUP: SIG_DFL, sa_mask[0]=00000000000000000000000000000000, sa_flags=none
SIGINT: SIG_DFL, sa_mask[0]=00000000000000000000000000000000, sa_flags=none
SIGTERM: SIG_DFL, sa_mask[0]=00000000000000000000000000000000, sa_flags=none
SIGQUIT: SIG_DFL, sa_mask[0]=00000000000000000000000000000000, sa_flags=none


---------------  S Y S T E M  ---------------

OS:DISTRIB_ID=Ubuntu
DISTRIB_RELEASE=14.04
DISTRIB_CODENAME=trusty
DISTRIB_DESCRIPTION="Ubuntu 14.04.5 LTS"

uname:Linux 3.13.0-160-generic #210-Ubuntu SMP Mon Sep 24 18:08:15 UTC 2018 x86_64
libc:glibc 2.19 NPTL 2.19 
rlimit: STACK 8192k, CORE 0k, NPROC 15825, NOFILE 4096, AS infinity
load average:0.27 0.15 0.15

/proc/meminfo:
MemTotal:        2049680 kB
MemFree:           57040 kB
Buffers:             668 kB
Cached:            37188 kB
SwapCached:            0 kB
Active:          1836956 kB
Inactive:          35308 kB
Active(anon):    1835280 kB
Inactive(anon):    21512 kB
Active(file):       1676 kB
Inactive(file):    13796 kB
Unevictable:           4 kB
Mlocked:               4 kB
SwapTotal:             0 kB
SwapFree:              0 kB
Dirty:                20 kB
Writeback:             0 kB
AnonPages:       1834524 kB
Mapped:            25164 kB
Shmem:             22324 kB
Slab:              39624 kB
SReclaimable:      16472 kB
SUnreclaim:        23152 kB
KernelStack:        3664 kB
PageTables:        27200 kB
NFS_Unstable:          0 kB
Bounce:                0 kB
WritebackTmp:          0 kB
CommitLimit:     1024840 kB
Committed_AS:    4295652 kB
VmallocTotal:   34359738367 kB
VmallocUsed:      155088 kB
VmallocChunk:   34359576516 kB
HardwareCorrupted:     0 kB
AnonHugePages:    563200 kB
HugePages_Total:       0
HugePages_Free:        0
HugePages_Rsvd:        0
HugePages_Surp:        0
Hugepagesize:       2048 kB
DirectMap4k:       55168 kB
DirectMap2M:     2041856 kB
DirectMap1G:           0 kB


CPU:total 2 (1 cores per cpu, 1 threads per core) family 6 model 158 stepping 9, cmov, cx8, fxsr, mmx, sse, sse2, sse3, ssse3, sse4.1, sse4.2, popcnt, avx, avx2, aes, clmul, erms, 3dnowpref, lzcnt, tsc, tscinvbit, bmi1, bmi2, adx

/proc/cpuinfo:
processor	: 0
vendor_id	: GenuineIntel
cpu family	: 6
model		: 158
model name	: Intel(R) Core(TM) i7-7700HQ CPU @ 2.80GHz
stepping	: 9
microcode	: 0x84
cpu MHz		: 2808.000
cache size	: 6144 KB
physical id	: 0
siblings	: 1
core id		: 0
cpu cores	: 1
apicid		: 0
initial apicid	: 0
fpu		: yes
fpu_exception	: yes
cpuid level	: 22
wp		: yes
flags		: fpu vme de pse tsc msr pae mce cx8 apic sep mtrr pge mca cmov pat pse36 clflush mmx fxsr sse sse2 ss syscall nx pdpe1gb rdtscp lm constant_tsc arch_perfmon nopl xtopology tsc_reliable nonstop_tsc eagerfpu pni pclmulqdq ssse3 fma cx16 pcid sse4_1 sse4_2 x2apic movbe popcnt tsc_deadline_timer aes xsave avx f16c rdrand hypervisor lahf_lm abm 3dnowprefetch arat xsaveopt invpcid_single rsb_ctxsw retpoline fsgsbase tsc_adjust bmi1 avx2 smep bmi2 invpcid rdseed adx smap arch_capabilities
bogomips	: 5616.00
clflush size	: 64
cache_alignment	: 64
address sizes	: 43 bits physical, 48 bits virtual
power management:

processor	: 1
vendor_id	: GenuineIntel
cpu family	: 6
model		: 158
model name	: Intel(R) Core(TM) i7-7700HQ CPU @ 2.80GHz
stepping	: 9
microcode	: 0x84
cpu MHz		: 2808.000
cache size	: 6144 KB
physical id	: 2
siblings	: 1
core id		: 0
cpu cores	: 1
apicid		: 2
initial apicid	: 2
fpu		: yes
fpu_exception	: yes
cpuid level	: 22
wp		: yes
flags		: fpu vme de pse tsc msr pae mce cx8 apic sep mtrr pge mca cmov pat pse36 clflush mmx fxsr sse sse2 ss syscall nx pdpe1gb rdtscp lm constant_tsc arch_perfmon nopl xtopology tsc_reliable nonstop_tsc eagerfpu pni pclmulqdq ssse3 fma cx16 pcid sse4_1 sse4_2 x2apic movbe popcnt tsc_deadline_timer aes xsave avx f16c rdrand hypervisor lahf_lm abm 3dnowprefetch arat xsaveopt invpcid_single rsb_ctxsw retpoline fsgsbase tsc_adjust bmi1 avx2 smep bmi2 invpcid rdseed adx smap arch_capabilities
bogomips	: 5616.00
clflush size	: 64
cache_alignment	: 64
address sizes	: 43 bits physical, 48 bits virtual
power management:



Memory: 4k page, physical 2049680k(57040k free), swap 0k(0k free)

vm_info: OpenJDK 64-Bit Server VM (25.112-b343) for linux-amd64 JRE (1.8.0_112-release-b343), built on Sep  2 2016 15:13:24 by "root" with gcc 4.4.7 20120313 (Red Hat 4.4.7-16)

time: Tue Oct 16 15:54:02 2018
elapsed time: 0 seconds (0d 0h 0m 0s)

